This is pdfTeX, Version 3.14159265-2.6-1.40.19 (TeX Live 2018) (preloaded format=pdflatex 2018.7.11)  2 DEC 2018 12:12
entering extended mode
 restricted \write18 enabled.
 %&-line parsing enabled.
**"Rapport TM version finale.tex"
(./Rapport TM version finale.tex
LaTeX2e <2018-04-01> patch level 2
Babel <3.18> and hyphenation patterns for 84 language(s) loaded.
(/usr/local/texlive/2018/texmf-dist/tex/latex/base/report.cls
Document Class: report 2014/09/29 v1.4h Standard LaTeX document class
(/usr/local/texlive/2018/texmf-dist/tex/latex/base/size12.clo
File: size12.clo 2014/09/29 v1.4h Standard LaTeX file (size option)
)
\c@part=\count80
\c@chapter=\count81
\c@section=\count82
\c@subsection=\count83
\c@subsubsection=\count84
\c@paragraph=\count85
\c@subparagraph=\count86
\c@figure=\count87
\c@table=\count88
\abovecaptionskip=\skip41
\belowcaptionskip=\skip42
\bibindent=\dimen102
)
(/usr/local/texlive/2018/texmf-dist/tex/generic/babel/babel.sty
Package: babel 2018/02/14 3.18 The Babel package

(/usr/local/texlive/2018/texmf-dist/tex/generic/babel/switch.def
File: switch.def 2018/02/14 3.18 Babel switching mechanism
)
(/usr/local/texlive/2018/texmf-dist/tex/generic/babel-french/french.ldf
Language: french 2018/03/25 v3.4c French support from the babel system

(/usr/local/texlive/2018/texmf-dist/tex/generic/babel/babel.def
File: babel.def 2018/02/14 3.18 Babel common definitions
\babel@savecnt=\count89
\U@D=\dimen103

(/usr/local/texlive/2018/texmf-dist/tex/generic/babel/txtbabel.def)
\bbl@dirlevel=\count90
)
\l@acadian = a dialect from \language\l@french 
\FB@nonchar=\count91
Package babel Info: Making : an active character on input line 415.
Package babel Info: Making ; an active character on input line 416.
Package babel Info: Making ! an active character on input line 417.
Package babel Info: Making ? an active character on input line 418.
\FBguill@level=\count92
\FB@everypar=\toks14
\FB@Mht=\dimen104
\mc@charclass=\count93
\mc@charfam=\count94
\mc@charslot=\count95
\std@mcc=\count96
\dec@mcc=\count97
\c@FBcaption@count=\count98
\listindentFB=\skip43
\descindentFB=\skip44
\labelwidthFB=\skip45
\leftmarginFB=\skip46
\parindentFFN=\dimen105
\FBfnindent=\skip47
)
(/usr/local/texlive/2018/texmf-dist/tex/generic/babel-english/english.ldf
Language: english 2017/06/06 v3.3r English support from the babel system
\l@canadian = a dialect from \language\l@american 
\l@australian = a dialect from \language\l@british 
\l@newzealand = a dialect from \language\l@british 
))
(/usr/local/texlive/2018/texmf-dist/tex/latex/carlisle/scalefnt.sty)
(/usr/local/texlive/2018/texmf-dist/tex/latex/graphics/keyval.sty
Package: keyval 2014/10/28 v1.15 key=value parser (DPC)
\KV@toks@=\toks15
)
(/usr/local/texlive/2018/texmf-dist/tex/latex/base/inputenc.sty
Package: inputenc 2018/04/06 v1.3b Input encoding file
\inpenc@prehook=\toks16
\inpenc@posthook=\toks17
)
(/usr/local/texlive/2018/texmf-dist/tex/latex/fancyhdr/fancyhdr.sty
Package: fancyhdr 2017/06/30 v3.9a Extensive control of page headers and footer
s
\f@nch@headwidth=\skip48
\f@nch@O@elh=\skip49
\f@nch@O@erh=\skip50
\f@nch@O@olh=\skip51
\f@nch@O@orh=\skip52
\f@nch@O@elf=\skip53
\f@nch@O@erf=\skip54
\f@nch@O@olf=\skip55
\f@nch@O@orf=\skip56
)
(/usr/local/texlive/2018/texmf-dist/tex/latex/lastpage/lastpage.sty
Package: lastpage 2015/03/29 v1.2m Refers to last page's name (HMM; JPG)
)
(/usr/local/texlive/2018/texmf-dist/tex/latex/graphics/graphicx.sty
Package: graphicx 2017/06/01 v1.1a Enhanced LaTeX Graphics (DPC,SPQR)

(/usr/local/texlive/2018/texmf-dist/tex/latex/graphics/graphics.sty
Package: graphics 2017/06/25 v1.2c Standard LaTeX Graphics (DPC,SPQR)

(/usr/local/texlive/2018/texmf-dist/tex/latex/graphics/trig.sty
Package: trig 2016/01/03 v1.10 sin cos tan (DPC)
)
(/usr/local/texlive/2018/texmf-dist/tex/latex/graphics-cfg/graphics.cfg
File: graphics.cfg 2016/06/04 v1.11 sample graphics configuration
)
Package graphics Info: Driver file: pdftex.def on input line 99.

(/usr/local/texlive/2018/texmf-dist/tex/latex/graphics-def/pdftex.def
File: pdftex.def 2018/01/08 v1.0l Graphics/color driver for pdftex
))
\Gin@req@height=\dimen106
\Gin@req@width=\dimen107
)
(/usr/local/texlive/2018/texmf-dist/tex/latex/adjustbox/adjustbox.sty
Package: adjustbox 2018/04/08 v1.1 Adjusting TeX boxes (trim, clip, ...)

(/usr/local/texlive/2018/texmf-dist/tex/latex/xkeyval/xkeyval.sty
Package: xkeyval 2014/12/03 v2.7a package option processing (HA)

(/usr/local/texlive/2018/texmf-dist/tex/generic/xkeyval/xkeyval.tex
(/usr/local/texlive/2018/texmf-dist/tex/generic/xkeyval/xkvutils.tex
\XKV@toks=\toks18
\XKV@tempa@toks=\toks19
)
\XKV@depth=\count99
File: xkeyval.tex 2014/12/03 v2.7a key=value parser (HA)
))
(/usr/local/texlive/2018/texmf-dist/tex/latex/adjustbox/adjcalc.sty
Package: adjcalc 2012/05/16 v1.1 Provides advanced setlength with multiple back
-ends (calc, etex, pgfmath)
)
(/usr/local/texlive/2018/texmf-dist/tex/latex/adjustbox/trimclip.sty
Package: trimclip 2018/04/08 v1.1 Trim and clip general TeX material

(/usr/local/texlive/2018/texmf-dist/tex/latex/collectbox/collectbox.sty
Package: collectbox 2012/05/17 v0.4b Collect macro arguments as boxes
\collectedbox=\box26
)
\tc@llx=\dimen108
\tc@lly=\dimen109
\tc@urx=\dimen110
\tc@ury=\dimen111
Package trimclip Info: Using driver 'tc-pdftex.def'.

(/usr/local/texlive/2018/texmf-dist/tex/latex/adjustbox/tc-pdftex.def
File: tc-pdftex.def 2018/04/08 v2.1 Clipping driver for pdftex
))
\adjbox@Width=\dimen112
\adjbox@Height=\dimen113
\adjbox@Depth=\dimen114
\adjbox@Totalheight=\dimen115
\adjbox@pwidth=\dimen116
\adjbox@pheight=\dimen117
\adjbox@pdepth=\dimen118
\adjbox@ptotalheight=\dimen119

(/usr/local/texlive/2018/texmf-dist/tex/latex/ifoddpage/ifoddpage.sty
Package: ifoddpage 2016/04/23 v1.1 Conditionals for odd/even page detection
\c@checkoddpage=\count100
)
(/usr/local/texlive/2018/texmf-dist/tex/latex/varwidth/varwidth.sty
Package: varwidth 2009/03/30 ver 0.92;  Variable-width minipages
\@vwid@box=\box27
\sift@deathcycles=\count101
\@vwid@loff=\dimen120
\@vwid@roff=\dimen121
))
(/usr/local/texlive/2018/texmf-dist/tex/latex/float/float.sty
Package: float 2001/11/08 v1.3d Float enhancements (AL)
\c@float@type=\count102
\float@exts=\toks20
\float@box=\box28
\@float@everytoks=\toks21
\@floatcapt=\box29
)
(/usr/local/texlive/2018/texmf-dist/tex/latex/setspace/setspace.sty
Package: setspace 2011/12/19 v6.7a set line spacing
)
(/usr/local/texlive/2018/texmf-dist/tex/latex/tocloft/tocloft.sty
Package: tocloft 2017/08/31 v2.3i parameterised ToC, etc., typesetting
Package tocloft Info: The document has chapter divisions on input line 51.
\cftparskip=\skip57
\cftbeforetoctitleskip=\skip58
\cftaftertoctitleskip=\skip59
\cftbeforepartskip=\skip60
\cftpartnumwidth=\skip61
\cftpartindent=\skip62
\cftbeforechapskip=\skip63
\cftchapindent=\skip64
\cftchapnumwidth=\skip65
\cftbeforesecskip=\skip66
\cftsecindent=\skip67
\cftsecnumwidth=\skip68
\cftbeforesubsecskip=\skip69
\cftsubsecindent=\skip70
\cftsubsecnumwidth=\skip71
\cftbeforesubsubsecskip=\skip72
\cftsubsubsecindent=\skip73
\cftsubsubsecnumwidth=\skip74
\cftbeforeparaskip=\skip75
\cftparaindent=\skip76
\cftparanumwidth=\skip77
\cftbeforesubparaskip=\skip78
\cftsubparaindent=\skip79
\cftsubparanumwidth=\skip80
\cftbeforeloftitleskip=\skip81
\cftafterloftitleskip=\skip82
\cftbeforefigskip=\skip83
\cftfigindent=\skip84
\cftfignumwidth=\skip85
\c@lofdepth=\count103
\c@lotdepth=\count104
\cftbeforelottitleskip=\skip86
\cftafterlottitleskip=\skip87
\cftbeforetabskip=\skip88
\cfttabindent=\skip89
\cfttabnumwidth=\skip90
)
No file "Rapport TM version finale".aux.
\openout1 = `"Rapport TM version finale.aux"'.

LaTeX Font Info:    Checking defaults for OML/cmm/m/it on input line 26.
LaTeX Font Info:    ... okay on input line 26.
LaTeX Font Info:    Checking defaults for T1/cmr/m/n on input line 26.
LaTeX Font Info:    ... okay on input line 26.
LaTeX Font Info:    Checking defaults for OT1/cmr/m/n on input line 26.
LaTeX Font Info:    ... okay on input line 26.
LaTeX Font Info:    Checking defaults for OMS/cmsy/m/n on input line 26.
LaTeX Font Info:    ... okay on input line 26.
LaTeX Font Info:    Checking defaults for OMX/cmex/m/n on input line 26.
LaTeX Font Info:    ... okay on input line 26.
LaTeX Font Info:    Checking defaults for U/cmr/m/n on input line 26.
LaTeX Font Info:    ... okay on input line 26.
LaTeX Info: Redefining \degres on input line 26.
LaTeX Info: Redefining \dots on input line 26.
LaTeX Info: Redefining \up on input line 26.

Package french.ldf Warning: OT1 encoding should not be used for French.
(french.ldf)                Add \usepackage[T1]{fontenc} to the preamble
(french.ldf)                of your document; reported on input line 26.

Package lastpage Info: Please have a look at the pageslts package at
(lastpage)             https://www.ctan.org/pkg/pageslts
(lastpage)             ! on input line 26.
(/usr/local/texlive/2018/texmf-dist/tex/context/base/mkii/supp-pdf.mkii
[Loading MPS to PDF converter (version 2006.09.02).]
\scratchcounter=\count105
\scratchdimen=\dimen122
\scratchbox=\box30
\nofMPsegments=\count106
\nofMParguments=\count107
\everyMPshowfont=\toks22
\MPscratchCnt=\count108
\MPscratchDim=\dimen123
\MPnumerator=\count109
\makeMPintoPDFobject=\count110
\everyMPtoPDFconversion=\toks23
) (/usr/local/texlive/2018/texmf-dist/tex/latex/oberdiek/epstopdf-base.sty
Package: epstopdf-base 2016/05/15 v2.6 Base part for package epstopdf

(/usr/local/texlive/2018/texmf-dist/tex/generic/oberdiek/infwarerr.sty
Package: infwarerr 2016/05/16 v1.4 Providing info/warning/error messages (HO)
)
(/usr/local/texlive/2018/texmf-dist/tex/latex/oberdiek/grfext.sty
Package: grfext 2016/05/16 v1.2 Manage graphics extensions (HO)

(/usr/local/texlive/2018/texmf-dist/tex/generic/oberdiek/kvdefinekeys.sty
Package: kvdefinekeys 2016/05/16 v1.4 Define keys (HO)

(/usr/local/texlive/2018/texmf-dist/tex/generic/oberdiek/ltxcmds.sty
Package: ltxcmds 2016/05/16 v1.23 LaTeX kernel commands for general use (HO)
)))
(/usr/local/texlive/2018/texmf-dist/tex/latex/oberdiek/kvoptions.sty
Package: kvoptions 2016/05/16 v3.12 Key value format for package options (HO)

(/usr/local/texlive/2018/texmf-dist/tex/generic/oberdiek/kvsetkeys.sty
Package: kvsetkeys 2016/05/16 v1.17 Key value parser (HO)

(/usr/local/texlive/2018/texmf-dist/tex/generic/oberdiek/etexcmds.sty
Package: etexcmds 2016/05/16 v1.6 Avoid name clashes with e-TeX commands (HO)

(/usr/local/texlive/2018/texmf-dist/tex/generic/oberdiek/ifluatex.sty
Package: ifluatex 2016/05/16 v1.4 Provides the ifluatex switch (HO)
Package ifluatex Info: LuaTeX not detected.
)
Package etexcmds Info: Could not find \expanded.
(etexcmds)             That can mean that you are not using pdfTeX 1.50 or
(etexcmds)             that some package has redefined \expanded.
(etexcmds)             In the latter case, load this package earlier.
)))
(/usr/local/texlive/2018/texmf-dist/tex/generic/oberdiek/pdftexcmds.sty
Package: pdftexcmds 2018/01/30 v0.27 Utility functions of pdfTeX for LuaTeX (HO
)

(/usr/local/texlive/2018/texmf-dist/tex/generic/oberdiek/ifpdf.sty
Package: ifpdf 2017/03/15 v3.2 Provides the ifpdf switch
)
Package pdftexcmds Info: LuaTeX not detected.
Package pdftexcmds Info: \pdf@primitive is available.
Package pdftexcmds Info: \pdf@ifprimitive is available.
Package pdftexcmds Info: \pdfdraftmode found.
)
Package epstopdf-base Info: Redefining graphics rule for `.eps' on input line 4
38.
Package grfext Info: Graphics extension search list:
(grfext)             [.pdf,.png,.jpg,.mps,.jpeg,.jbig2,.jb2,.PDF,.PNG,.JPG,.JPE
G,.JBIG2,.JB2,.eps]
(grfext)             \AppendGraphicsExtensions on input line 456.

(/usr/local/texlive/2018/texmf-dist/tex/latex/latexconfig/epstopdf-sys.cfg
File: epstopdf-sys.cfg 2010/07/13 v1.3 Configuration of (r)epstopdf for TeX Liv
e
))
[1

{/usr/local/texlive/2018/texmf-var/fonts/map/pdftex/updmap/pdftex.map}]
Underfull \hbox (badness 10000) in paragraph at lines 44--47

 []

LaTeX Font Info:    Try loading font information for OMS+cmr on input line 48.
(/usr/local/texlive/2018/texmf-dist/tex/latex/base/omscmr.fd
File: omscmr.fd 2014/09/29 v2.5h Standard LaTeX font definitions
)
LaTeX Font Info:    Font shape `OMS/cmr/m/n' in size <12> not available
(Font)              Font shape `OMS/cmsy/m/n' tried instead on input line 48.

Underfull \hbox (badness 10000) in paragraph at lines 53--61

 []


Underfull \hbox (badness 10000) in paragraph at lines 53--61

 []


Underfull \hbox (badness 10000) in paragraph at lines 53--61

 []


LaTeX Warning: Reference `LastPage' on page 1 undefined on input line 61.


Package Fancyhdr Warning: \headheight is too small (12.0pt): 
 Make it at least 14.49998pt.
 We now make it that large for the rest of the document.
 This may cause the page layout to be inconsistent, however.

[1]
No file "Rapport TM version finale".toc.
\tf@toc=\write3
\openout3 = `"Rapport TM version finale.toc"'.

[1]

LaTeX Font Warning: Font shape `OT1/cmr/m/n' in size <24> not available
(Font)              size <24.88> substituted on input line 74.


LaTeX Warning: Reference `LastPage' on page 3 undefined on input line 95.

[3]
LaTeX Font Info:    External font `cmex10' loaded for size
(Font)              <12> on input line 98.
LaTeX Font Info:    External font `cmex10' loaded for size
(Font)              <8> on input line 98.
LaTeX Font Info:    External font `cmex10' loaded for size
(Font)              <6> on input line 98.


LaTeX Warning: File `../Images/Choice.png' not found on input line 105.


! Package pdftex.def Error: File `../Images/Choice.png' not found: using draft 
setting.

See the pdftex.def package documentation for explanation.
Type  H <return>  for immediate help.
 ...                                              
                                                  
l.105 ...degraphics[scale=1]{../Images/Choice.png}
                                                  
Try typing  <return>  to proceed.
If that doesn't work, type  X <return>  to quit.


LaTeX Warning: File `../Images/Couples.png' not found on input line 118.


! Package pdftex.def Error: File `../Images/Couples.png' not found: using draft
 setting.

See the pdftex.def package documentation for explanation.
Type  H <return>  for immediate help.
 ...                                              
                                                  
l.118 ...raphics[scale=0.5]{../Images/Couples.png}
                                                  
Try typing  <return>  to proceed.
If that doesn't work, type  X <return>  to quit.


LaTeX Warning: File `../Images/Letters.png' not found on input line 127.


! Package pdftex.def Error: File `../Images/Letters.png' not found: using draft
 setting.

See the pdftex.def package documentation for explanation.
Type  H <return>  for immediate help.
 ...                                              
                                                  
l.127 ...raphics[scale=0.5]{../Images/Letters.png}
                                                  
Try typing  <return>  to proceed.
If that doesn't work, type  X <return>  to quit.


LaTeX Warning: File `../Images/Deplacements.png' not found on input line 135.


! Package pdftex.def Error: File `../Images/Deplacements.png' not found: using 
draft setting.

See the pdftex.def package documentation for explanation.
Type  H <return>  for immediate help.
 ...                                              
                                                  
l.135 ...cs[scale=0.3]{../Images/Deplacements.png}
                                                  
Try typing  <return>  to proceed.
If that doesn't work, type  X <return>  to quit.


LaTeX Warning: File `../Images/Alphabet2.png' not found on input line 143.


! Package pdftex.def Error: File `../Images/Alphabet2.png' not found: using dra
ft setting.

See the pdftex.def package documentation for explanation.
Type  H <return>  for immediate help.
 ...                                              
                                                  
l.143 ...phics[scale=0.5]{../Images/Alphabet2.png}
                                                  
Try typing  <return>  to proceed.
If that doesn't work, type  X <return>  to quit.


LaTeX Warning: File `../Images/Changements.png' not found on input line 151.


! Package pdftex.def Error: File `../Images/Changements.png' not found: using d
raft setting.

See the pdftex.def package documentation for explanation.
Type  H <return>  for immediate help.
 ...                                              
                                                  
l.151 ...ics[scale=0.5]{../Images/Changements.png}
                                                  
Try typing  <return>  to proceed.
If that doesn't work, type  X <return>  to quit.


LaTeX Warning: File `../Images/Changement.png' not found on input line 164.


! Package pdftex.def Error: File `../Images/Changement.png' not found: using dr
aft setting.

See the pdftex.def package documentation for explanation.
Type  H <return>  for immediate help.
 ...                                              
                                                  
l.164 ...hics[scale=0.5]{../Images/Changement.png}
                                                  
Try typing  <return>  to proceed.
If that doesn't work, type  X <return>  to quit.


Underfull \hbox (badness 10000) in paragraph at lines 97--169

 []


Underfull \hbox (badness 10000) in paragraph at lines 97--169

 []


Underfull \hbox (badness 10000) in paragraph at lines 97--169

 []


Underfull \hbox (badness 10000) in paragraph at lines 97--169

 []


LaTeX Warning: Reference `LastPage' on page 4 undefined on input line 169.

[4]

LaTeX Warning: Reference `LastPage' on page 5 undefined on input line 169.

[5]

LaTeX Warning: `!h' float specifier changed to `!ht'.


LaTeX Warning: `!h' float specifier changed to `!ht'.


LaTeX Warning: `!h' float specifier changed to `!ht'.


LaTeX Warning: Reference `LastPage' on page 6 undefined on input line 169.

[6]

LaTeX Warning: `!h' float specifier changed to `!ht'.


LaTeX Warning: Reference `LastPage' on page 7 undefined on input line 174.

[7]
Underfull \hbox (badness 10000) in paragraph at lines 184--185

 []


LaTeX Warning: Reference `LastPage' on page 8 undefined on input line 186.

[8]
Overfull \hbox (29.3747pt too wide) in paragraph at lines 193--199
[] 
 []


Overfull \hbox (29.3747pt too wide) in paragraph at lines 193--199
[] 
 []


Overfull \hbox (29.3747pt too wide) in paragraph at lines 193--199
[] 
 []


Overfull \hbox (29.3747pt too wide) in paragraph at lines 201--203
[] 
 []


Overfull \hbox (29.3747pt too wide) in paragraph at lines 205--207
[] 
 []


Overfull \hbox (29.3747pt too wide) in paragraph at lines 209--211
[] 
 []


Overfull \hbox (29.3747pt too wide) in paragraph at lines 213--215
[] 
 []


LaTeX Warning: Reference `LastPage' on page 9 undefined on input line 221.

[9]

LaTeX Warning: Reference `LastPage' on page 10 undefined on input line 240.

[10]
Underfull \hbox (badness 10000) in paragraph at lines 248--250

 []


LaTeX Warning: Reference `LastPage' on page 11 undefined on input line 256.

[11]

LaTeX Warning: File `../Images/Chiffrage.png' not found on input line 261.


! Package pdftex.def Error: File `../Images/Chiffrage.png' not found: using dra
ft setting.

See the pdftex.def package documentation for explanation.
Type  H <return>  for immediate help.
 ...                                              
                                                  
l.261 ...phics[scale=0.5]{../Images/Chiffrage.png}
                                                  
Try typing  <return>  to proceed.
If that doesn't work, type  X <return>  to quit.


Underfull \hbox (badness 10000) in paragraph at lines 272--273

 []


Underfull \hbox (badness 10000) in paragraph at lines 278--279

 []


LaTeX Warning: Reference `LastPage' on page 12 undefined on input line 292.

[12]

LaTeX Warning: Reference `LastPage' on page 13 undefined on input line 318.

[13]
Overfull \hbox (8.94962pt too wide) in paragraph at lines 325--325
[]\OT1/cmr/bx/n/14.4 Techniques em-ploy^^Sees pour sur-mon-ter ces dif-fi-cult^
^Ses 
 []


LaTeX Warning: Reference `LastPage' on page 14 undefined on input line 329.

[14]

LaTeX Warning: Reference `LastPage' on page 15 undefined on input line 340.

[15]
Underfull \hbox (badness 10000) in paragraph at lines 342--360

 []


Overfull \hbox (22.24619pt too wide) in paragraph at lines 342--360
\OML/cmm/m/it/12 https \OT1/cmr/m/n/12 : \OML/cmm/m/it/12 ==openclassrooms:com=
fr=courses=\OT1/cmr/m/n/12 26832 \OMS/cmsy/m/n/12 ^^@ \OML/cmm/m/it/12 apprenez
 \OMS/cmsy/m/n/12 ^^@ \OML/cmm/m/it/12 a \OMS/cmsy/m/n/12 ^^@ \OML/cmm/m/it/12 
programmer \OMS/cmsy/m/n/12 ^^@
 []


Overfull \hbox (5.51315pt too wide) in paragraph at lines 342--360
\OT1/cmr/m/n/12 [8] $\OML/cmm/m/it/12 en:wikipedia:org$\OT1/cmr/m/n/12 , ^^Secr
it en col-lab-o-ra-tion. "Mod-u-lar arith-metic" (24 septem-
 []


Underfull \hbox (badness 10000) in paragraph at lines 342--360

 []


LaTeX Warning: Reference `LastPage' on page 16 undefined on input line 362.

[16]

Package lastpage Warning: Rerun to get the references right on input line 363.


AED: lastpage setting LastPage
(./Rapport TM version finale.aux)

LaTeX Font Warning: Size substitutions with differences
(Font)              up to 0.88pt have occurred.


LaTeX Warning: There were undefined references.


LaTeX Warning: Label(s) may have changed. Rerun to get cross-references right.

 ) 
Here is how much of TeX's memory you used:
 4224 strings out of 492649
 63039 string characters out of 6129622
 152963 words of memory out of 5000000
 8021 multiletter control sequences out of 15000+600000
 9275 words of font info for 33 fonts, out of 8000000 for 9000
 1141 hyphenation exceptions out of 8191
 41i,12n,43p,864b,423s stack positions out of 5000i,500n,10000p,200000b,80000s
</usr/local/texlive/2018/texmf-dist/fonts/type1/public/amsfonts/cm/cmbx12.pfb
></usr/local/texlive/2018/texmf-dist/fonts/type1/public/amsfonts/cm/cmmi12.pfb>
</usr/local/texlive/2018/texmf-dist/fonts/type1/public/amsfonts/cm/cmmi8.pfb></
usr/local/texlive/2018/texmf-dist/fonts/type1/public/amsfonts/cm/cmr12.pfb></us
r/local/texlive/2018/texmf-dist/fonts/type1/public/amsfonts/cm/cmr17.pfb></usr/
local/texlive/2018/texmf-dist/fonts/type1/public/amsfonts/cm/cmr8.pfb></usr/loc
al/texlive/2018/texmf-dist/fonts/type1/public/amsfonts/cm/cmsy10.pfb></usr/loca
l/texlive/2018/texmf-dist/fonts/type1/public/amsfonts/cm/cmtt12.pfb>
Output written on "Rapport TM version finale.pdf" (17 pages, 122795 bytes).
PDF statistics:
 91 PDF objects out of 1000 (max. 8388607)
 63 compressed objects within 1 object stream
 0 named destinations out of 1000 (max. 500000)
 1 words of extra memory for PDF output out of 10000 (max. 10000000)

